[    0.000000] Linux version 4.15.0-212-generic (buildd@lcy02-amd64-083) (gcc version 7.5.0 (Ubuntu 7.5.0-3ubuntu1~18.04)) #223-Ubuntu SMP Tue May 23 13:09:22 UTC 2023 (Ubuntu 4.15.0-212.223-generic 4.15.18)
[    0.000000] Command line: BOOT_IMAGE=/boot/vmlinuz-4.15.0-212-generic root=LABEL=cloudimg-rootfs ro console=tty1 console=ttyS0
[    0.000000] KERNEL supported cpus:
[    0.000000]   Intel GenuineIntel
[    0.000000]   AMD AuthenticAMD
[    0.000000]   Centaur CentaurHauls
[    0.000000] x86/fpu: x87 FPU will use FXSAVE
[    0.000000] e820: BIOS-provided physical RAM map:
[    0.000000] BIOS-e820: [mem 0x0000000000000000-0x000000000009fbff] usable
[    0.000000] BIOS-e820: [mem 0x000000000009fc00-0x000000000009ffff] reserved
[    0.000000] BIOS-e820: [mem 0x00000000000f0000-0x00000000000fffff] reserved
[    0.000000] BIOS-e820: [mem 0x0000000000100000-0x000000003ffeffff] usable
[    0.000000] BIOS-e820: [mem 0x000000003fff0000-0x000000003fffffff] ACPI data
[    0.000000] BIOS-e820: [mem 0x00000000fec00000-0x00000000fec00fff] reserved
[    0.000000] BIOS-e820: [mem 0x00000000fee00000-0x00000000fee00fff] reserved
[    0.000000] BIOS-e820: [mem 0x00000000fffc0000-0x00000000ffffffff] reserved
[    0.000000] NX (Execute Disable) protection: active
[    0.000000] SMBIOS 2.5 present.
[    0.000000] DMI: innotek GmbH VirtualBox/VirtualBox, BIOS VirtualBox 12/01/2006
[    0.000000] Hypervisor detected: KVM
[    0.000000] e820: last_pfn = 0x3fff0 max_arch_pfn = 0x400000000
[    0.000000] MTRR: Disabled
[    0.000000] x86/PAT: MTRRs disabled, skipping PAT initialization too.
[    0.000000] CPU MTRRs all blank - virtualized system.
[    0.000000] x86/PAT: Configuration [0-7]: WB  WT  UC- UC  WB  WT  UC- UC  
[    0.000000] found SMP MP-table at [mem 0x0009fff0-0x0009ffff]
[    0.000000] Scanning 1 areas for low memory corruption
[    0.000000] RAMDISK: [mem 0x359cb000-0x36cdcfff]
[    0.000000] ACPI: Early table checksum verification disabled
[    0.000000] ACPI: RSDP 0x00000000000E0000 000024 (v02 VBOX  )
[    0.000000] ACPI: XSDT 0x000000003FFF0030 00003C (v01 VBOX   VBOXXSDT 00000001 ASL  00000061)
[    0.000000] ACPI: FACP 0x000000003FFF00F0 0000F4 (v04 VBOX   VBOXFACP 00000001 ASL  00000061)
[    0.000000] ACPI: DSDT 0x000000003FFF0610 002353 (v02 VBOX   VBOXBIOS 00000002 INTL 20100528)
[    0.000000] ACPI: FACS 0x000000003FFF0200 000040
[    0.000000] ACPI: FACS 0x000000003FFF0200 000040
[    0.000000] ACPI: APIC 0x000000003FFF0240 00005C (v02 VBOX   VBOXAPIC 00000001 ASL  00000061)
[    0.000000] ACPI: SSDT 0x000000003FFF02A0 00036C (v01 VBOX   VBOXCPUT 00000002 INTL 20100528)
[    0.000000] ACPI: Reserving FACP table memory at [mem 0x3fff00f0-0x3fff01e3]
[    0.000000] ACPI: Reserving DSDT table memory at [mem 0x3fff0610-0x3fff2962]
[    0.000000] ACPI: Reserving FACS table memory at [mem 0x3fff0200-0x3fff023f]
[    0.000000] ACPI: Reserving FACS table memory at [mem 0x3fff0200-0x3fff023f]
[    0.000000] ACPI: Reserving APIC table memory at [mem 0x3fff0240-0x3fff029b]
[    0.000000] ACPI: Reserving SSDT table memory at [mem 0x3fff02a0-0x3fff060b]
[    0.000000] No NUMA configuration found
[    0.000000] Faking a node at [mem 0x0000000000000000-0x000000003ffeffff]
[    0.000000] NODE_DATA(0) allocated [mem 0x3ffc5000-0x3ffeffff]
[    0.000000] kvm-clock: cpu 0, msr 0:3ff44001, primary cpu clock
[    0.000000] kvm-clock: Using msrs 4b564d01 and 4b564d00
[    0.000000] kvm-clock: using sched offset of 3521630464 cycles
[    0.000000] clocksource: kvm-clock: mask: 0xffffffffffffffff max_cycles: 0x1cd42e4dffb, max_idle_ns: 881590591483 ns
[    0.000000] Zone ranges:
[    0.000000]   DMA      [mem 0x0000000000001000-0x0000000000ffffff]
[    0.000000]   DMA32    [mem 0x0000000001000000-0x000000003ffeffff]
[    0.000000]   Normal   empty
[    0.000000]   Device   empty
[    0.000000] Movable zone start for each node
[    0.000000] Early memory node ranges
[    0.000000]   node   0: [mem 0x0000000000001000-0x000000000009efff]
[    0.000000]   node   0: [mem 0x0000000000100000-0x000000003ffeffff]
[    0.000000] Reserved but unavailable: 104 pages
[    0.000000] Initmem setup node 0 [mem 0x0000000000001000-0x000000003ffeffff]
[    0.000000] ACPI: PM-Timer IO Port: 0x4008
[    0.000000] IOAPIC[0]: apic_id 2, version 32, address 0xfec00000, GSI 0-23
[    0.000000] ACPI: INT_SRC_OVR (bus 0 bus_irq 0 global_irq 2 dfl dfl)
[    0.000000] ACPI: INT_SRC_OVR (bus 0 bus_irq 9 global_irq 9 low level)
[    0.000000] Using ACPI (MADT) for SMP configuration information
[    0.000000] smpboot: Allowing 2 CPUs, 0 hotplug CPUs
[    0.000000] PM: Registered nosave memory: [mem 0x00000000-0x00000fff]
[    0.000000] PM: Registered nosave memory: [mem 0x0009f000-0x0009ffff]
[    0.000000] PM: Registered nosave memory: [mem 0x000a0000-0x000effff]
[    0.000000] PM: Registered nosave memory: [mem 0x000f0000-0x000fffff]
[    0.000000] e820: [mem 0x40000000-0xfebfffff] available for PCI devices
[    0.000000] Booting paravirtualized kernel on KVM
[    0.000000] clocksource: refined-jiffies: mask: 0xffffffff max_cycles: 0xffffffff, max_idle_ns: 7645519600211568 ns
[    0.000000] setup_percpu: NR_CPUS:8192 nr_cpumask_bits:2 nr_cpu_ids:2 nr_node_ids:1
[    0.000000] percpu: Embedded 50 pages/cpu s167936 r8192 d28672 u1048576
[    0.000000] PV qspinlock hash table entries: 256 (order: 0, 4096 bytes)
[    0.000000] Built 1 zonelists, mobility grouping on.  Total pages: 257913
[    0.000000] Policy zone: DMA32
[    0.000000] Kernel command line: BOOT_IMAGE=/boot/vmlinuz-4.15.0-212-generic root=LABEL=cloudimg-rootfs ro console=tty1 console=ttyS0
[    0.000000] Memory: 982644K/1048120K available (12300K kernel code, 2477K rwdata, 4324K rodata, 2480K init, 2720K bss, 65476K reserved, 0K cma-reserved)
[    0.000000] SLUB: HWalign=64, Order=0-3, MinObjects=0, CPUs=2, Nodes=1
[    0.000000] ftrace: allocating 39508 entries in 155 pages
[    0.004000] Hierarchical RCU implementation.
[    0.004000] 	RCU restricting CPUs from NR_CPUS=8192 to nr_cpu_ids=2.
[    0.004000] 	Tasks RCU enabled.
[    0.004000] RCU: Adjusting geometry for rcu_fanout_leaf=16, nr_cpu_ids=2
[    0.004000] NR_IRQS: 524544, nr_irqs: 440, preallocated irqs: 16
[    0.004000] random: crng init done
[    0.004000] Console: colour VGA+ 80x25
[    0.004000] console [tty1] enabled
[    0.004000] console [ttyS0] enabled
[    0.004000] ACPI: Core revision 20170831
[    0.004000] ACPI: 2 ACPI AML tables successfully acquired and loaded
[    0.004000] APIC: Switch to symmetric I/O mode setup
[    0.004000] ..TIMER: vector=0x30 apic1=0 pin1=2 apic2=-1 pin2=-1
[    0.004005] tsc: Detected 3696.010 MHz processor
[    0.008009] Calibrating delay loop (skipped) preset value.. 7392.02 BogoMIPS (lpj=14784040)
[    0.012003] pid_max: default: 32768 minimum: 301
[    0.016067] Security Framework initialized
[    0.020002] Yama: becoming mindful.
[    0.022517] AppArmor: AppArmor initialized
[    0.028922] Dentry cache hash table entries: 131072 (order: 8, 1048576 bytes)
[    0.033267] Inode-cache hash table entries: 65536 (order: 7, 524288 bytes)
[    0.036054] Mount-cache hash table entries: 2048 (order: 2, 16384 bytes)
[    0.044054] Mountpoint-cache hash table entries: 2048 (order: 2, 16384 bytes)
[    0.049653] Last level iTLB entries: 4KB 128, 2MB 8, 4MB 8
[    0.052003] Last level dTLB entries: 4KB 64, 2MB 0, 4MB 0, 1GB 4
[    0.056003] Spectre V1 : Mitigation: usercopy/swapgs barriers and __user pointer sanitization
[    0.060003] Spectre V2 : Mitigation: Enhanced IBRS
[    0.063238] Spectre V2 : Spectre v2 / SpectreRSB mitigation: Filling RSB on context switch
[    0.064002] Spectre V2 : Spectre v2 / PBRSB-eIBRS: Retire a single CALL on VMEXIT
[    0.068003] RETBleed: Mitigation: Enhanced IBRS
[    0.072002] Speculative Store Bypass: Vulnerable
[    0.075048] MMIO Stale Data: Vulnerable: Clear CPU buffers attempted, no microcode
[    0.076003] SRBDS: Unknown: Dependent on hypervisor status
[    0.080169] Freeing SMP alternatives memory: 36K
[    0.193643] smpboot: CPU0: Intel(R) Core(TM) i5-9600K CPU @ 3.70GHz (family: 0x6, model: 0x9e, stepping: 0xd)
[    0.196326] Performance Events: unsupported p6 CPU model 158 no PMU driver, software events only.
[    0.200083] Hierarchical SRCU implementation.
[    0.204327] NMI watchdog: Perf event create on CPU 0 failed with -2
[    0.208002] NMI watchdog: Perf NMI watchdog permanently disabled
[    0.212240] smp: Bringing up secondary CPUs ...
[    0.216500] x86: Booting SMP configuration:
[    0.219170] .... node  #0, CPUs:      #1
[    0.004000] kvm-clock: cpu 1, msr 0:3ff44041, secondary cpu clock
[    0.227378] TSC synchronization [CPU#0 -> CPU#1]:
[    0.228000] Measured 223688 cycles TSC warp between CPUs, turning off TSC clock.
[    0.228000] tsc: Marking TSC unstable due to check_tsc_sync_source failed
[    0.232087] smp: Brought up 1 node, 2 CPUs
[    0.236008] smpboot: Max logical packages: 1
[    0.238938] smpboot: Total of 2 processors activated (14784.04 BogoMIPS)
[    0.244403] devtmpfs: initialized
[    0.246396] x86/mm: Memory block size: 128MB
[    0.248327] evm: security.selinux
[    0.252002] evm: security.SMACK64
[    0.254078] evm: security.SMACK64EXEC
[    0.256002] evm: security.SMACK64TRANSMUTE
[    0.259069] evm: security.SMACK64MMAP
[    0.260003] evm: security.apparmor
[    0.262119] evm: security.ima
[    0.264002] evm: security.capability
[    0.268320] clocksource: jiffies: mask: 0xffffffff max_cycles: 0xffffffff, max_idle_ns: 7645041785100000 ns
[    0.272015] futex hash table entries: 512 (order: 3, 32768 bytes)
[    0.276167] pinctrl core: initialized pinctrl subsystem
[    0.280385] RTC time: 12:55:15, date: 12/07/24
[    0.284886] NET: Registered protocol family 16
[    0.288099] audit: initializing netlink subsys (disabled)
[    0.292151] audit: type=2000 audit(1733576120.316:1): state=initialized audit_enabled=0 res=1
[    0.300065] cpuidle: using governor ladder
[    0.302752] cpuidle: using governor menu
[    0.304061] ACPI: bus type PCI registered
[    0.308002] acpiphp: ACPI Hot Plug PCI Controller Driver version: 0.5
[    0.312000] PCI: Using configuration type 1 for base access
[    0.316317] HugeTLB registered 2.00 MiB page size, pre-allocated 0 pages
[    0.320475] ACPI: Added _OSI(Module Device)
[    0.324082] ACPI: Added _OSI(Processor Device)
[    0.328008] ACPI: Added _OSI(3.0 _SCP Extensions)
[    0.330873] ACPI: Added _OSI(Processor Aggregator Device)
[    0.332003] ACPI: Added _OSI(Linux-Dell-Video)
[    0.334813] ACPI: Added _OSI(Linux-Lenovo-NV-HDMI-Audio)
[    0.336003] ACPI: Added _OSI(Linux-HPI-Hybrid-Graphics)
[    0.340638] ACPI: Executed 1 blocks of module-level executable AML code
[    0.349616] ACPI: Interpreter enabled
[    0.352000] ACPI: (supports S0 S5)
[    0.352003] ACPI: Using IOAPIC for interrupt routing
[    0.356336] PCI: Using host bridge windows from ACPI; if necessary, use "pci=nocrs" and report a bug
[    0.360194] ACPI: Enabled 2 GPEs in block 00 to 07
[    0.370573] ACPI: PCI Root Bridge [PCI0] (domain 0000 [bus 00-ff])
[    0.372006] acpi PNP0A03:00: _OSC: OS supports [ASPM ClockPM Segments MSI]
[    0.376621] acpi PNP0A03:00: _OSC: not requesting OS control; OS requires [ExtendedConfig ASPM ClockPM MSI]
[    0.380011] acpi PNP0A03:00: fail to add MMCONFIG information, can't access extended PCI configuration space under this bridge.
[    0.384632] PCI host bridge to bus 0000:00
[    0.388003] pci_bus 0000:00: root bus resource [io  0x0000-0x0cf7 window]
[    0.392000] pci_bus 0000:00: root bus resource [io  0x0d00-0xffff window]
[    0.392004] pci_bus 0000:00: root bus resource [mem 0x000a0000-0x000bffff window]
[    0.396003] pci_bus 0000:00: root bus resource [mem 0x40000000-0xfdffffff window]
[    0.400004] pci_bus 0000:00: root bus resource [bus 00-ff]
[    0.408452] pci 0000:00:01.1: legacy IDE quirk: reg 0x10: [io  0x01f0-0x01f7]
[    0.412003] pci 0000:00:01.1: legacy IDE quirk: reg 0x14: [io  0x03f6]
[    0.416003] pci 0000:00:01.1: legacy IDE quirk: reg 0x18: [io  0x0170-0x0177]
[    0.420003] pci 0000:00:01.1: legacy IDE quirk: reg 0x1c: [io  0x0376]
[    0.443223] pci 0000:00:07.0: quirk: [io  0x4000-0x403f] claimed by PIIX4 ACPI
[    0.444028] pci 0000:00:07.0: quirk: [io  0x4100-0x410f] claimed by PIIX4 SMB
[    0.457435] ACPI: PCI Interrupt Link [LNKA] (IRQs 5 9 10 *11)
[    0.460440] ACPI: PCI Interrupt Link [LNKB] (IRQs 5 9 *10 11)
[    0.464167] ACPI: PCI Interrupt Link [LNKC] (IRQs 5 *9 10 11)
[    0.468181] ACPI: PCI Interrupt Link [LNKD] (IRQs 5 9 10 *11)
[    0.472585] SCSI subsystem initialized
[    0.476156] pci 0000:00:02.0: vgaarb: setting as boot VGA device
[    0.479744] pci 0000:00:02.0: vgaarb: VGA device added: decodes=io+mem,owns=io+mem,locks=none
[    0.480005] pci 0000:00:02.0: vgaarb: bridge control possible
[    0.484002] vgaarb: loaded
[    0.488055] ACPI: bus type USB registered
[    0.490502] usbcore: registered new interface driver usbfs
[    0.492010] usbcore: registered new interface driver hub
[    0.496009] usbcore: registered new device driver usb
[    0.504087] EDAC MC: Ver: 3.0.0
[    0.508299] PCI: Using ACPI for IRQ routing
[    0.512582] NetLabel: Initializing
[    0.514860] NetLabel:  domain hash size = 128
[    0.516002] NetLabel:  protocols = UNLABELED CIPSOv4 CALIPSO
[    0.520015] NetLabel:  unlabeled traffic allowed by default
[    0.524162] clocksource: Switched to clocksource kvm-clock
[    0.532113] VFS: Disk quotas dquot_6.6.0
[    0.532113] VFS: Dquot-cache hash table entries: 512 (order 0, 4096 bytes)
[    0.532113] AppArmor: AppArmor Filesystem Enabled
[    0.532113] pnp: PnP ACPI init
[    0.532113] pnp: PnP ACPI: found 3 devices
[    0.605697] clocksource: acpi_pm: mask: 0xffffff max_cycles: 0xffffff, max_idle_ns: 2085701024 ns
[    0.608739] NET: Registered protocol family 2
[    0.608739] IP idents hash table entries: 16384 (order: 5, 131072 bytes)
[    0.619289] TCP established hash table entries: 8192 (order: 4, 65536 bytes)
[    0.624162] TCP bind hash table entries: 8192 (order: 5, 131072 bytes)
[    0.628517] TCP: Hash tables configured (established 8192 bind 8192)
[    0.632209] UDP hash table entries: 512 (order: 2, 16384 bytes)
[    0.632209] UDP-Lite hash table entries: 512 (order: 2, 16384 bytes)
[    0.632209] NET: Registered protocol family 1
[    0.632209] pci 0000:00:00.0: Limiting direct PCI/PCI transfers
[    0.632209] pci 0000:00:01.0: Activating ISA DMA hang workarounds
[    0.632209] pci 0000:00:02.0: Video device with shadowed ROM at [mem 0x000c0000-0x000dffff]
[    0.632209] Unpacking initramfs...
[    1.011048] Freeing initrd memory: 19528K
[    1.012520] clocksource: tsc: mask: 0xffffffffffffffff max_cycles: 0x6a8d38b1514, max_idle_ns: 881590632300 ns
[    1.020240] platform rtc_cmos: registered platform RTC device (no PNP device found)
[    1.025366] Scanning for low memory corruption every 60 seconds
[    1.030563] Initialise system trusted keyrings
[    1.033742] Key type blacklist registered
[    1.036773] workingset: timestamp_bits=36 max_order=18 bucket_order=0
[    1.042601] zbud: loaded
[    1.045599] squashfs: version 4.0 (2009/01/31) Phillip Lougher
[    1.049970] fuse init (API version 7.26)
[    1.068281] Key type asymmetric registered
[    1.071179] Asymmetric key parser 'x509' registered
[    1.074244] Block layer SCSI generic (bsg) driver version 0.4 loaded (major 246)
[    1.079153] io scheduler noop registered
[    1.081686] io scheduler deadline registered
[    1.084301] io scheduler cfq registered (default)
[    1.088266] ACPI: AC Adapter [AC] (on-line)
[    1.090841] input: Power Button as /devices/LNXSYSTM:00/LNXPWRBN:00/input/input0
[    1.095593] ACPI: Power Button [PWRF]
[    1.098241] input: Sleep Button as /devices/LNXSYSTM:00/LNXSLPBN:00/input/input1
[    1.102734] ACPI: Sleep Button [SLPF]
[    1.106594] Serial: 8250/16550 driver, 32 ports, IRQ sharing enabled
[    1.135116] 00:02: ttyS0 at I/O 0x3f8 (irq = 4, base_baud = 115200) is a 16550A
[    1.153553] Linux agpgart interface v0.103
[    1.164289] loop: module loaded
[    1.169089] scsi host0: ata_piix
[    1.172639] scsi host1: ata_piix
[    1.174722] ata1: PATA max UDMA/33 cmd 0x1f0 ctl 0x3f6 bmdma 0xd000 irq 14
[    1.178900] ata2: PATA max UDMA/33 cmd 0x170 ctl 0x376 bmdma 0xd008 irq 15
[    1.183152] tun: Universal TUN/TAP device driver, 1.6
[    1.187155] PPP generic driver version 2.4.2
[    1.190344] ehci_hcd: USB 2.0 'Enhanced' Host Controller (EHCI) Driver
[    1.194441] ehci-pci: EHCI PCI platform driver
[    1.197218] ehci-platform: EHCI generic platform driver
[    1.200474] ohci_hcd: USB 1.1 'Open' Host Controller (OHCI) Driver
[    1.204305] ohci-pci: OHCI PCI platform driver
[    1.207210] ohci-platform: OHCI generic platform driver
[    1.210497] uhci_hcd: USB Universal Host Controller Interface driver
[    1.214344] i8042: PNP: PS/2 Controller [PNP0303:PS2K,PNP0f03:PS2M] at 0x60,0x64 irq 1,12
[    1.222223] serio: i8042 KBD port at 0x60,0x64 irq 1
[    1.225585] serio: i8042 AUX port at 0x60,0x64 irq 12
[    1.229769] mousedev: PS/2 mouse device common for all mice
[    1.236364] rtc_cmos rtc_cmos: rtc core: registered rtc_cmos as rtc0
[    1.240913] input: AT Translated Set 2 keyboard as /devices/platform/i8042/serio0/input/input2
[    1.245100] rtc_cmos rtc_cmos: alarms up to one day, 114 bytes nvram
[    1.251594] i2c /dev entries driver
[    1.254928] device-mapper: uevent: version 1.0.3
[    1.258404] device-mapper: ioctl: 4.37.0-ioctl (2017-09-20) initialised: dm-devel@redhat.com
[    1.264566] ledtrig-cpu: registered to indicate activity on CPUs
[    1.271010] NET: Registered protocol family 10
[    1.282521] Segment Routing with IPv6
[    1.285643] NET: Registered protocol family 17
[    1.289418] Key type dns_resolver registered
[    1.293290] mce: Using 0 MCE banks
[    1.296039] RAS: Correctable Errors collector initialized.
[    1.300260] sched_clock: Marking stable (1300205903, 0)->(1828212437, -528006534)
[    1.308459] registered taskstats version 1
[    1.311532] Loading compiled-in X.509 certificates
[    1.318513] Loaded X.509 cert 'Build time autogenerated kernel key: b5b26778eaa3ab3a4a6cee031137706e947d12ad'
[    1.325708] Loaded X.509 cert 'Canonical Ltd. Live Patch Signing: 14df34d1a87cf37625abec039ef2bf521249b969'
[    1.332409] Loaded X.509 cert 'Canonical Ltd. Kernel Module Signing: 88f752e560a1e0737e31163a466ad7b70a850c19'
[    1.338931] blacklist: Loading compiled-in revocation X.509 certificates
[    1.344116] Loaded X.509 cert 'Canonical Ltd. Secure Boot Signing: 61482aa2830d0ab2ad5af10b7250da9033ddcef0'
[    1.350612] Loaded X.509 cert 'Canonical Ltd. Secure Boot Signing (2017): 242ade75ac4a15e50d50c84b0d45ff3eae707a03'
[    1.357991] Loaded X.509 cert 'Canonical Ltd. Secure Boot Signing (ESM 2018): 365188c1d374d6b07c3c8f240f8ef722433d6a8b'
[    1.364750] Loaded X.509 cert 'Canonical Ltd. Secure Boot Signing (2019): c0746fd6c5da3ae827864651ad66ae47fe24b3e8'
[    1.389164] Loaded X.509 cert 'Canonical Ltd. Secure Boot Signing (2021 v1): a8d54bbb3825cfb94fa13c9f8a594a195c107b8d'
[    1.395842] Loaded X.509 cert 'Canonical Ltd. Secure Boot Signing (2021 v2): 4cf046892d6fd3c9a5b03f98d845f90851dc6a8c'
[    1.402360] Loaded X.509 cert 'Canonical Ltd. Secure Boot Signing (2021 v3): 100437bb6de6e469b581e61cd66bce3ef4ed53af'
[    1.408940] Loaded X.509 cert 'Canonical Ltd. Secure Boot Signing (Ubuntu Core 2019): c1d57b8f6b743f23ee41f4f7ee292f06eecadfb9'
[    1.415828] zswap: loaded using pool lzo/zbud
[    1.425338] Key type big_key registered
[    1.427944] Key type trusted registered
[    1.433630] Key type encrypted registered
[    1.436657] AppArmor: AppArmor sha1 policy hashing enabled
[    1.439948] ima: No TPM chip found, activating TPM-bypass! (rc=-19)
[    1.443784] ima: Allocated hash algorithm: sha1
[    1.447019] evm: HMAC attrs: 0x1
[    1.450033]   Magic number: 4:725:935
[    1.453164] rtc_cmos rtc_cmos: setting system clock to 2024-12-07 12:55:16 UTC (1733576116)
[    1.458684] BIOS EDD facility v0.16 2004-Jun-25, 0 devices found
[    1.462499] EDD information not available.
[    1.467868] Freeing unused kernel image memory: 2480K
[    1.488398] Write protecting the kernel read-only data: 20480k
[    1.493237] Freeing unused kernel image memory: 2008K
[    1.496777] Freeing unused kernel image memory: 1820K
[    1.505963] x86/mm: Checked W+X mappings: passed, no W+X pages found.
Loading, please wait...
starting version 237
[    1.573755] e1000: Intel(R) PRO/1000 Network Driver - version 7.3.21-k8-NAPI
[    1.578438] e1000: Copyright (c) 1999-2006 Intel Corporation.
[    1.593990] Fusion MPT base driver 3.04.20
[    1.597845] Copyright (c) 1999-2008 LSI Corporation
[    1.616655] Fusion MPT SPI Host driver 3.04.20
[    1.640381] SSE version of gcm_enc/dec engaged.
[    1.827668] input: ImExPS/2 Generic Explorer Mouse as /devices/platform/i8042/serio1/input/input4
[    2.180280] e1000 0000:00:03.0 eth0: (PCI:33MHz:32-bit) 02:3b:7b:b7:3b:2d
[    2.184893] e1000 0000:00:03.0 eth0: Intel(R) PRO/1000 Network Connection
[    2.191053] mptbase: ioc0: Initiating bringup
[    2.314983] ioc0: LSI53C1030 A0: Capabilities={Initiator}
[    2.567635] scsi host2: ioc0: LSI53C1030 A0, FwRev=00000000h, Ports=1, MaxQ=256, IRQ=20
[    2.745793] scsi 2:0:0:0: Direct-Access     VBOX     HARDDISK         1.0  PQ: 0 ANSI: 5
[    2.788660] scsi target2:0:0: Beginning Domain Validation
[    2.861732] scsi target2:0:0: Domain Validation skipping write tests
[    2.866282] scsi target2:0:0: Ending Domain Validation
[    2.869894] scsi target2:0:0: asynchronous
[    2.874118] scsi 2:0:1:0: Direct-Access     VBOX     HARDDISK         1.0  PQ: 0 ANSI: 5
[    3.228115] scsi target2:0:1: Beginning Domain Validation
[    3.236201] scsi target2:0:1: Domain Validation skipping write tests
[    3.240469] scsi target2:0:1: Ending Domain Validation
[    3.243889] scsi target2:0:1: asynchronous
[    3.256604] sd 2:0:0:0: Attached scsi generic sg0 type 0
[    3.261272] sd 2:0:1:0: Attached scsi generic sg1 type 0
[    3.265401] sd 2:0:0:0: [sda] 83886080 512-byte logical blocks: (42.9 GB/40.0 GiB)
[    3.270945] sd 2:0:1:0: [sdb] 20480 512-byte logical blocks: (10.5 MB/10.0 MiB)
[    3.275774] sd 2:0:0:0: [sda] Write Protect is off
[    3.279256] sd 2:0:1:0: [sdb] Write Protect is off
[    3.280481] sd 2:0:0:0: [sda] Incomplete mode parameter data
[    3.286634] sd 2:0:0:0: [sda] Assuming drive cache: write through
[    3.290906] sd 2:0:1:0: [sdb] Incomplete mode parameter data
[    3.294795] sd 2:0:1:0: [sdb] Assuming drive cache: write through
[    3.320392]  sda: sda1
[    3.324179] sd 2:0:0:0: [sda] Attached SCSI disk
[    3.330052] e1000 0000:00:08.0 eth1: (PCI:33MHz:32-bit) 08:00:27:98:b7:b7
[    3.334779] e1000 0000:00:08.0 eth1: Intel(R) PRO/1000 Network Connection
[    3.338787] sd 2:0:1:0: [sdb] Attached SCSI disk
[    3.344792] e1000 0000:00:03.0 enp0s3: renamed from eth0
[    3.362140] e1000 0000:00:08.0 enp0s8: renamed from eth1
Begin: Loading essential drivers ... [    6.932054] raid6: sse2x1   gen() 13671 MB/s
[    6.980130] raid6: sse2x1   xor()  8235 MB/s
[    7.028946] raid6: sse2x2   gen() 17500 MB/s
[    7.076449] raid6: sse2x2   xor() 11497 MB/s
[    7.124300] raid6: sse2x4   gen() 18299 MB/s
[    7.172238] raid6: sse2x4   xor() 11302 MB/s
[    7.175135] raid6: using algorithm sse2x4 gen() 18299 MB/s
[    7.178473] raid6: .... xor() 11302 MB/s, rmw enabled
[    7.182341] raid6: using ssse3x2 recovery algorithm
[    7.187851] xor: measuring software checksum speed
[   10.970309]    prefetch64-sse: 1688651.704 MB/sec
[   13.024534]    generic_sse: 1633823.704 MB/sec
[   13.028231] xor: using function: prefetch64-sse (1688651.704 MB/sec)
[   13.035399] async_tx: api initialized (async)
done.
Begin: Running /scripts/init-premount ... done.
Begin: Mounting root file system ... Begin: Running /scripts/local-top ... done.
Begin: Running /scripts/local-premount ... [   13.092646] Btrfs loaded, crc32c=crc32c-intel
Scanning for Btrfs filesystems
done.
Warning: fsck not present, so skipping root file system
[   13.179524] EXT4-fs (sda1): mounted filesystem with ordered data mode. Opts: (null)
done.
Begin: Running /scripts/local-bottom ... done.
Begin: Running /scripts/init-bottom ... done.
[   13.448059] ip_tables: (C) 2000-2006 Netfilter Core Team
[   13.467249] systemd[1]: systemd 237 running in system mode. (+PAM +AUDIT +SELINUX +IMA +APPARMOR +SMACK +SYSVINIT +UTMP +LIBCRYPTSETUP +GCRYPT +GNUTLS +ACL +XZ +LZ4 +SECCOMP +BLKID +ELFUTILS +KMOD -IDN2 +IDN -PCRE2 default-hierarchy=hybrid)
[   13.481442] systemd[1]: Detected virtualization oracle.
[   13.485350] systemd[1]: Detected architecture x86-64.

Welcome to [1mUbuntu 18.04.6 LTS[0m!

[   13.513732] systemd[1]: Set hostname to <ubuntu>.
[   13.685199] systemd[1]: Initializing machine ID from random generator.
[   13.690535] systemd[1]: Installed transient /etc/machine-id file.
[   14.028967] systemd[1]: Reached target User and Group Name Lookups.
[[0;32m  OK  [0m] Reached target User and Group Name Lookups.
[   14.037544] systemd[1]: Reached target Mounting snaps.
[[0;32m  OK  [0m] Reached target Mounting snaps.
[   14.053633] systemd[1]: Created slice User and Session Slice.
[[0;32m  OK  [0m] Created slice User and Session Slice.
[   14.061574] systemd[1]: Started Forward Password Requests to Wall Directory Watch.
[[0;32m  OK  [0m] Started Forward Password Requests to Wall Directory Watch.
[[0;32m  OK  [0m] Reached target Mounted snaps.
[[0;32m  OK  [0m] Reached target Swap.
[[0;32m  OK  [0m] Set up automount Arbitrary Executab…rmats File System Automount Point.
[[0;32m  OK  [0m] Reached target System Time Synchronized.
[[0;32m  OK  [0m] Created slice System Slice.
[[0;32m  OK  [0m] Listening on fsck to fsckd communication Socket.
[[0;32m  OK  [0m] Listening on Network Service Netlink Socket.
[[0;32m  OK  [0m] Listening on Journal Socket (/dev/log).
[[0;32m  OK  [0m] Reached target Slices.
[[0;32m  OK  [0m] Listening on udev Kernel Socket.
[[0;32m  OK  [0m] Listening on Journal Audit Socket.
[[0;32m  OK  [0m] Created slice system-serial\x2dgetty.slice.
[[0;32m  OK  [0m] Listening on LVM2 poll daemon socket.
[[0;32m  OK  [0m] Listening on /dev/initctl Compatibility Named Pipe.
[[0;32m  OK  [0m] Listening on Journal Socket.
         Starting File System Check on Root Device...
         Mounting Huge Pages File System...
         Starting Uncomplicated firewall...
         Mounting Kernel Debug File System...
         Starting Load Kernel Modules...
[[0;32m  OK  [0m] Listening on Device-mapper event daemon FIFOs.
[[0;32m  OK  [0m] Listening on Syslog Socket.
         Starting Journal Service...
         Starting Set the console keyboard layout...
[[0;32m  OK  [0m] Listening on LVM2 metadata daemon socket.
         Mounting POSIX Message Queue File System...
[   14.217825] Loading iSCSI transport class v2.0-870.
         Starting Create list of required st…ce nodes for the current kernel...
         Starting Monitoring of LVM2 mirrors…ng dmeventd or progress polling...
[[0;32m  OK  [0m] Listening on udev Control Socket.
         Starting udev Coldplug all Devices...
[[0;32m  OK  [0m] Mounted Huge Pages File System.
[[0;32m  OK  [0m] Started Uncomplicated firewall.
[[0;32m  OK  [0m] Mounted Kernel Debug File System.
[[0;32m  OK  [0m] Mounted POSIX Message Queue File System.
[[0;32m  OK  [0m] Started Create list of required sta…vice nodes for the current kernel.
[[0;32m  OK  [0m] Started File System Check Daemon to report status.
[   14.269446] iscsi: registered transport (tcp)
         Starting Create Static Device Nodes in /dev...
[[0;32m  OK  [0m] Started Journal Service.
[   14.295731] iscsi: registered transport (iser)
[[0;32m  OK  [0m] Started Load Kernel Modules.
         Starting Apply Kernel Variables...
         Mounting FUSE Control File System...
         Mounting Kernel Configuration File System...
[[0;32m  OK  [0m] Started File System Check on Root Device.
[[0;32m  OK  [0m] Mounted FUSE Control File System.
[[0;32m  OK  [0m] Mounted Kernel Configuration File System.
         Starting Remount Root and Kernel File Systems...
[[0;32m  OK  [0m] Started LVM2 metadata daemon.
[[0;32m  OK  [0m] Started udev Coldplug all Devices.
[[0;32m  OK  [0m] Started Create Static Device Nodes in /dev.
[[0;32m  OK  [0m] Started Remount Root and Kernel File Systems.
         Starting Load/Save Random Seed...
         Starting udev Kernel Device Manager...
         Starting Flush Journal to Persistent Storage...
[[0;32m  OK  [0m] Started Apply Kernel Variables.
[[0;32m  OK  [0m] Started Load/Save Random Seed.
[[0;32m  OK  [0m] Started Monitoring of LVM2 mirrors,…sing dmeventd or progress polling.
[[0;32m  OK  [0m] Started udev Kernel Device Manager.
[[0;32m  OK  [0m] Started Flush Journal to Persistent Storage.
[[0;32m  OK  [0m] Found device /dev/ttyS0.
[[0;32m  OK  [0m] Listening on Load/Save RF Kill Switch Status /dev/rfkill Watch.
         Mounting Arbitrary Executable File Formats File System...
[[0;32m  OK  [0m] Mounted Arbitrary Executable File Formats File System.
[[0;32m  OK  [0m] Started Set the console keyboard layout.
[[0;32m  OK  [0m] Reached target Local File Systems (Pre).
[[0;32m  OK  [0m] Reached target Local File Systems.
         Starting ebtables ruleset management...
         Starting AppArmor initialization...
         Starting Create Volatile Files and Directories...
         Starting Tell Plymouth To Write Out Runtime Data...
         Starting Set console font and keymap...
         Starting Commit a transient machine-id on disk...
[[0;32m  OK  [0m] Started Dispatch Password Requests to Console Directory Watch.
[[0;32m  OK  [0m] Reached target Local Encrypted Volumes.
[[0;32m  OK  [0m] Started Create Volatile Files and Directories.
         Starting Update UTMP about System Boot/Shutdown...
[[0;32m  OK  [0m] Started Tell Plymouth To Write Out Runtime Data.
[[0;32m  OK  [0m] Started Update UTMP about System Boot/Shutdown.
[[0;32m  OK  [0m] Started Commit a transient machine-id on disk.
[[0;32m  OK  [0m] Started ebtables ruleset management.
[[0;32m  OK  [0m] Started AppArmor initialization.
         Starting Load AppArmor profiles managed internally by snapd...
         Starting Initial cloud-init job (pre-networking)...
[[0;32m  OK  [0m] Started Load AppArmor profiles managed internally by snapd.
[[0;32m  OK  [0m] Started Set console font and keymap.
[   17.949986] cloud-init[800]: Cloud-init v. 23.1.2-0ubuntu0~18.04.1 running 'init-local' at Sat, 07 Dec 2024 12:55:32 +0000. Up 17.64 seconds.
[[0;32m  OK  [0m] Started Initial cloud-init job (pre-networking).
[[0;32m  OK  [0m] Reached target Network (Pre).
         Starting Network Service...
[[0;32m  OK  [0m] Started Network Service.
         Starting Network Name Resolution...
         Starting Wait for Network to be Configured...
[[0;32m  OK  [0m] Started Network Name Resolution.
[[0;32m  OK  [0m] Reached target Host and Network Name Lookups.
[[0;32m  OK  [0m] Reached target Network.
[[0;32m  OK  [0m] Started Wait for Network to be Configured.
         Starting Initial cloud-init job (metadata service crawler)...
[   20.041231] cloud-init[963]: Cloud-init v. 23.1.2-0ubuntu0~18.04.1 running 'init' at Sat, 07 Dec 2024 12:55:34 +0000. Up 19.90 seconds.
[   20.046516] cloud-init[963]: ci-info: ++++++++++++++++++++++++++++++++++++++Net device info+++++++++++++++++++++++++++++++++++++++
[   20.051929] cloud-init[963]: ci-info: +--------+-------+----------------------------+---------------+--------+-------------------+
[   20.056898] cloud-init[963]: ci-info: | Device |   Up  |          Address           |      Mask     | Scope  |     Hw-Address    |
[   20.061612] cloud-init[963]: ci-info: +--------+-------+----------------------------+---------------+--------+-------------------+
[   20.066897] cloud-init[963]: ci-info: | enp0s3 |  True |         10.0.2.15          | 255.255.255.0 | global | 02:3b:7b:b7:3b:2d |
[   20.071616] cloud-init[963]: ci-info: | enp0s3 |  True | fe80::3b:7bff:feb7:3b2d/64 |       .       |  link  | 02:3b:7b:b7:3b:2d |
[   20.076003] cloud-init[963]: ci-info: | enp0s8 | False |             .              |       .       |   .    | 08:00:27:98:b7:b7 |
[   20.081163] cloud-init[963]: ci-info: |   lo   |  True |         127.0.0.1          |   255.0.0.0   |  host  |         .         |
[   20.085842] cloud-init[963]: ci-info: |   lo   |  True |          ::1/128           |       .       |  host  |         .         |
[   20.090651] cloud-init[963]: ci-info: +--------+-------+----------------------------+---------------+--------+-------------------+
[   20.093382] cloud-init[963]: ci-info: ++++++++++++++++++++++++++++Route IPv4 info+++++++++++++++++++++++++++++
[   20.095930] cloud-init[963]: ci-info: +-------+-------------+----------+-----------------+-----------+-------+
[   20.099293] cloud-init[963]: ci-info: | Route | Destination | Gateway  |     Genmask     | Interface | Flags |
[   20.101938] cloud-init[963]: ci-info: +-------+-------------+----------+-----------------+-----------+-------+
[   20.104473] cloud-init[963]: ci-info: |   0   |   0.0.0.0   | 10.0.2.2 |     0.0.0.0     |   enp0s3  |   UG  |
[   20.106756] cloud-init[963]: ci-info: |   1   |   10.0.2.0  | 0.0.0.0  |  255.255.255.0  |   enp0s3  |   U   |
[   20.109388] cloud-init[963]: ci-info: |   2   |   10.0.2.2  | 0.0.0.0  | 255.255.255.255 |   enp0s3  |   UH  |
[   20.111868] cloud-init[963]: ci-info: +-------+-------------+----------+-----------------+-----------+-------+
[   20.115464] cloud-init[963]: ci-info: +++++++++++++++++++Route IPv6 info+++++++++++++++++++
[   20.118429] cloud-init[963]: ci-info: +-------+-------------+---------+-----------+-------+
[   20.120686] cloud-init[963]: ci-info: | Route | Destination | Gateway | Interface | Flags |
[   20.122628] cloud-init[963]: ci-info: +-------+-------------+---------+-----------+-------+
[   20.124662] cloud-init[963]: ci-info: |   1   |  fe80::/64  |    ::   |   enp0s3  |   U   |
[   20.126662] cloud-init[963]: ci-info: |   3   |    local    |    ::   |   enp0s3  |   U   |
[   20.128740] cloud-init[963]: ci-info: |   4   |   ff00::/8  |    ::   |   enp0s3  |   U   |
[   20.131477] cloud-init[963]: ci-info: +-------+-------------+---------+-----------+-------+
[   20.980822] cloud-init[963]: Generating public/private rsa key pair.
[   20.982546] cloud-init[963]: Your identification has been saved in /etc/ssh/ssh_host_rsa_key.
[   20.984592] cloud-init[963]: Your public key has been saved in /etc/ssh/ssh_host_rsa_key.pub.
[   20.986660] cloud-init[963]: The key fingerprint is:
[   20.987819] cloud-init[963]: SHA256:ct2z1KdWpn7b6mjRt6PoO2Su66vAk0J4QCABMTVQQis root@ubuntu-bionic
[   20.990449] cloud-init[963]: The key's randomart image is:
[   20.992181] cloud-init[963]: +---[RSA 2048]----+
[   20.993398] cloud-init[963]: |&O+              |
[   21.012559] cloud-init[963]: |oo..             |
[   21.014097] cloud-init[963]: |Eo               |
[   21.034029] cloud-init[963]: |. o      . . .   |
[   21.035681] cloud-init[963]: | . o  . S . +.. +|
[   21.036859] cloud-init[963]: |  o . .o   +.o.*.|
[   21.038087] cloud-init[963]: |   . =    + ..+..|
[   21.039333] cloud-init[963]: |    . o    oo+ oo|
[   21.040641] cloud-init[963]: |       .o===+o=++|
[   21.041889] cloud-init[963]: +----[SHA256]-----+
[   21.043070] cloud-init[963]: Generating public/private dsa key pair.
[   21.044838] cloud-init[963]: Your identification has been saved in /etc/ssh/ssh_host_dsa_key.
[   21.047287] cloud-init[963]: Your public key has been saved in /etc/ssh/ssh_host_dsa_key.pub.
[   21.049872] cloud-init[963]: The key fingerprint is:
[   21.051178] cloud-init[963]: SHA256:IDzvqSSUyzsCgnVLADKOEgLwzIDFndhcOyXATaeEZTk root@ubuntu-bionic
[   21.053819] cloud-init[963]: The key's randomart image is:
[   21.055361] cloud-init[963]: +---[DSA 1024]----+
[   21.056661] cloud-init[963]: |&+.*.OB.o        |
[   21.057811] cloud-init[963]: |*B+.BoE*         |
[   21.059018] cloud-init[963]: |o.+.+ =.         |
[   21.060252] cloud-init[963]: |. ..o+ o         |
[   21.061421] cloud-init[963]: |..oo .. S        |
[   21.062781] cloud-init[963]: |+o ... .         |
[   21.064317] cloud-init[963]: |o + . o          |
[   21.065579] cloud-init[963]: |. .+ .           |
[   21.066966] cloud-init[963]: | ....            |
[   21.068414] cloud-init[963]: +----[SHA256]-----+
[   21.069942] cloud-init[963]: Generating public/private ecdsa key pair.
[   21.071669] cloud-init[963]: Your identification has been saved in /etc/ssh/ssh_host_ecdsa_key.
[   21.073864] cloud-init[963]: Your public key has been saved in /etc/ssh/ssh_host_ecdsa_key.pub.
[   21.076252] cloud-init[963]: The key fingerprint is:
[   21.077645] cloud-init[963]: SHA256:Sx3gS+brVyR8uRfd+jnAY8DyEHBVMkuzEzo6C0iMjD4 root@ubuntu-bionic
[   21.079832] cloud-init[963]: The key's randomart image is:
[   21.081455] cloud-init[963]: +---[ECDSA 256]---+
[   21.082719] cloud-init[963]: |       .o..B..   |
[   21.083986] cloud-init[963]: |o o    ..oo B    |
[   21.085226] cloud-init[963]: |.o o    ++++ . ..|
[   21.086643] cloud-init[963]: |. . .  +.=++= . o|
[   21.088132] cloud-init[963]: | E . . oS =+o. o |
[   21.089323] cloud-init[963]: |  .   ..oo .o=o  |
[   21.090496] cloud-init[963]: |       .o  ...o..|
[   21.091588] cloud-init[963]: |       .  .    o.|
[   21.092749] cloud-init[963]: |        ..      .|
[   21.093912] cloud-init[963]: +----[SHA256]-----+
[   21.095034] cloud-init[963]: Generating public/private ed25519 key pair.
[   21.097201] cloud-init[963]: Your identification has been saved in /etc/ssh/ssh_host_ed25519_key.
[   21.099624] cloud-init[963]: Your public key has been saved in /etc/ssh/ssh_host_ed25519_key.pub.
[[0;32m  OK  [0m] Started Initial cloud-init job (metadata service crawler).
[[0;32m  OK  [0m] Reached target Network is Online.
[   21.118778] cloud-init[963]: The key fingerprint is:
[   21.123191] cloud-init[963]: SHA256:2HiavWLpCWAk/H2ybj9lcgGHI0Xa1yLZuh3EsDq7zGM root@ubuntu-bionic
[   21.125353] cloud-init[963]: The key's randomart image is:
[   21.126626] cloud-init[963]: +--[ED25519 256]--+
[   21.127762] cloud-init[963]: |      o+.        |
[   21.129099] cloud-init[963]: |.    .o+*..      |
[   21.130607] cloud-init[963]: |...  ..=+* .     |
[   21.131902] cloud-init[963]: | o. . .+=..      |
[   21.133164] cloud-init[963]: |  o. =ooS..      |
[   21.134349] cloud-init[963]: | . .  **o+.      |
[   21.135610] cloud-init[963]: |    .ooo*.       |
[   21.137000] cloud-init[963]: |    +E=o .       |
[   21.138173] cloud-init[963]: |    oB=oo        |
[   21.139515] cloud-init[963]: +----[SHA256]-----+
         Starting Availability of block devices...
[[0;32m  OK  [0m] Reached target Remote File Systems (Pre).
[[0;32m  OK  [0m] Reached target Remote File Systems.
[[0;32m  OK  [0m] Reached target System Initialization.
[[0;32m  OK  [0m] Started ACPI Events Check.
[[0;32m  OK  [0m] Listening on UUID daemon activation socket.
[[0;32m  OK  [0m] Listening on D-Bus System Message Bus Socket.
[[0;32m  OK  [0m] Started Message of the Day.
[[0;32m  OK  [0m] Started Discard unused blocks once a week.
         Starting LXD - unix socket.
[[0;32m  OK  [0m] Started Daily Cleanup of Temporary Directories.
         Starting Socket activation for snappy daemon.
[[0;32m  OK  [0m] Listening on cloud-init hotplug hook socket.
[[0;32m  OK  [0m] Started Daily apt download activities.
[[0;32m  OK  [0m] Started Daily apt upgrade and clean activities.
[[0;32m  OK  [0m] Reached target Paths.
[[0;32m  OK  [0m] Listening on ACPID Listen Socket.
[[0;32m  OK  [0m] Started Ubuntu Advantage Timer for running repeated jobs.
[[0;32m  OK  [0m] Reached target Timers.
[[0;32m  OK  [0m] Listening on Open-iSCSI iscsid Socket.
[[0;32m  OK  [0m] Reached target Cloud-config availability.
[[0;32m  OK  [0m] Started Availability of block devices.
[[0;32m  OK  [0m] Listening on LXD - unix socket.
[[0;32m  OK  [0m] Listening on Socket activation for snappy daemon.
[[0;32m  OK  [0m] Reached target Sockets.
[[0;32m  OK  [0m] Reached target Basic System.
         Starting Virtualbox guest utils...
[[0;32m  OK  [0m] Started Deferred execution scheduler.
         Starting LXD - container startup/shutdown...
         Starting LSB: Record successful boot for GRUB...
         Starting LSB: automatic crash report generation...
         Starting Accounts Service...
[[0;32m  OK  [0m] Started D-Bus System Message Bus.
[[0;32m  OK  [0m] Reached target Login Prompts (Pre).
         Starting Dispatcher daemon for systemd-networkd...
         Starting Login Service...
[[0;32m  OK  [0m] Started FUSE filesystem for LXC.
         Starting Permit User Sessions...
         Starting Pollinate to seed the pseudo random number generator...
         Starting System Logging Service...
[[0;32m  OK  [0m] Started Regular background program processing daemon.
[[0;32m  OK  [0m] Started irqbalance daemon.
         Starting Snap Daemon...
[[0;32m  OK  [0m] Started System Logging Service.
[[0;32m  OK  [0m] Started LXD - container startup/shutdown.
[[0;32m  OK  [0m] Started Permit User Sessions.
[[0;32m  OK  [0m] Started Login Service.
[[0;32m  OK  [0m] Started Unattended Upgrades Shutdown.
         Starting Authorization Manager...
         Starting Terminate Plymouth Boot Screen...
         Starting Hold until boot process finishes up...
[[0;32m  OK  [0m] Started Hold until boot process finishes up.
         Starting Set console scheme...
[[0;32m  OK  [0m] Started Serial Getty on ttyS0.
[[0;32m  OK  [0m] Started Dispatcher daemon for systemd-networkd.
[[0;32m  OK  [0m] Started Terminate Plymouth Boot Screen.
[[0;32m  OK  [0m] Started Set console scheme.
[[0;32m  OK  [0m] Created slice system-getty.slice.
[[0;32m  OK  [0m] Started Getty on tty1.
[[0;32m  OK  [0m] Reached target Login Prompts.
[[0;32m  OK  [0m] Started LSB: automatic crash report generation.
[[0;32m  OK  [0m] Started LSB: Record successful boot for GRUB.
[[0;32m  OK  [0m] Started Virtualbox guest utils.
[[0;32m  OK  [0m] Started Authorization Manager.
[[0;32m  OK  [0m] Started Accounts Service.
[[0;32m  OK  [0m] Started Snap Daemon.
         Starting Wait until snapd is fully seeded...
[[0;32m  OK  [0m] Started Pollinate to seed the pseudo random number generator.
         Starting OpenBSD Secure Shell server...
[[0;32m  OK  [0m] Started OpenBSD Secure Shell server.
         Starting Time & Date Service...
[[0;32m  OK  [0m] Started Time & Date Service.
[[0;32m  OK  [0m] Started Wait until snapd is fully seeded.
         Starting Apply the settings specified in cloud-config...
[   24.407092] cloud-init[1516]: Cloud-init v. 23.1.2-0ubuntu0~18.04.1 running 'modules:config' at Sat, 07 Dec 2024 12:55:38 +0000. Up 23.92 seconds.
[[0;32m  OK  [0m] Started Apply the settings specified in cloud-config.
[[0;32m  OK  [0m] Reached target Multi-User System.
         Starting Execute cloud user/final scripts...
[[0;32m  OK  [0m] Reached target Graphical Interface.
         Starting Update UTMP about System Runlevel Changes...
[[0;32m  OK  [0m] Started Update UTMP about System Runlevel Changes.
ci-info: no authorized SSH keys fingerprints found for user ubuntu.
<14>Dec  7 12:55:39 cloud-init: #############################################################
<14>Dec  7 12:55:39 cloud-init: -----BEGIN SSH HOST KEY FINGERPRINTS-----
<14>Dec  7 12:55:39 cloud-init: 1024 SHA256:IDzvqSSUyzsCgnVLADKOEgLwzIDFndhcOyXATaeEZTk root@ubuntu-bionic (DSA)
<14>Dec  7 12:55:39 cloud-init: 256 SHA256:Sx3gS+brVyR8uRfd+jnAY8DyEHBVMkuzEzo6C0iMjD4 root@ubuntu-bionic (ECDSA)
<14>Dec  7 12:55:39 cloud-init: 256 SHA256:2HiavWLpCWAk/H2ybj9lcgGHI0Xa1yLZuh3EsDq7zGM root@ubuntu-bionic (ED25519)
<14>Dec  7 12:55:40 cloud-init: 2048 SHA256:ct2z1KdWpn7b6mjRt6PoO2Su66vAk0J4QCABMTVQQis root@ubuntu-bionic (RSA)
<14>Dec  7 12:55:40 cloud-init: -----END SSH HOST KEY FINGERPRINTS-----
<14>Dec  7 12:55:40 cloud-init: #############################################################
-----BEGIN SSH HOST KEY KEYS-----
ecdsa-sha2-nistp256 AAAAE2VjZHNhLXNoYTItbmlzdHAyNTYAAAAIbmlzdHAyNTYAAABBBG2zeGnyRImWSRcm7NgwjZy3CUCArH/Qut2MFCLPqbdPL/9opVOaPIctwdd1TOCge4qgVOgdDiHlhKa7+dMGa04= root@ubuntu-bionic
ssh-ed25519 AAAAC3NzaC1lZDI1NTE5AAAAIBoXvoc+IGIEWZhArg95u2OjRxpnFgwe/YSnjKUTehIe root@ubuntu-bionic
ssh-rsa AAAAB3NzaC1yc2EAAAADAQABAAABAQCmba0U1juG25rh6/15c50ZzrZAPBZErJCILDKyCdFo996iXMU1oZFOFXx6XBwzSY9yznzZJRpT5nztiPNJ2/rsRuHkuKVNzAOzPj5wChwuCAkrJ/3Zq68tkzxFxmTLQlLvmkorn2g6M+samKYuR86Y4r6dLfgJlT5qsrGZaM3B0Sadiv2VM/fuGO/rH15iAALVvSrjXGn7sLKo8zbSp4F+QtV9X1EdtdSkm16PyoU8sZeAaoZKQBQI+dCYSWEOs9kRQaAW96krTVlm5keUV9InaBs9D94a8wwhXeeTQ2bD7kHVTFFsJi2nl++A8Bu+EAV6nCx9nzBEyaLU7ZLJLtcf root@ubuntu-bionic
-----END SSH HOST KEY KEYS-----
[   25.005585] cloud-init[1565]: Cloud-init v. 23.1.2-0ubuntu0~18.04.1 running 'modules:final' at Sat, 07 Dec 2024 12:55:39 +0000. Up 24.78 seconds.
[   25.008745] cloud-init[1565]: Cloud-init v. 23.1.2-0ubuntu0~18.04.1 finished at Sat, 07 Dec 2024 12:55:40 +0000. Datasource DataSourceNoCloud [seed=/dev/sdb][dsmode=net].  Up 25.00 seconds
[[0;32m  OK  [0m] Started Execute cloud user/final scripts.
[[0;32m  OK  [0m] Reached target Cloud-init target.

Ubuntu 18.04.6 LTS ubuntu-bionic ttyS0

ubuntu-bionic login: 